[GIN-debug] [WARNING] Running in "debug" mode. Switch to "release" mode in production.
 - using env:	export GIN_MODE=release
 - using code:	gin.SetMode(gin.ReleaseMode)

[GIN-debug] GET    /css/*filepath            --> github.com/gin-gonic/gin.(*RouterGroup).createStaticHandler.func1 (1 handlers)
[GIN-debug] HEAD   /css/*filepath            --> github.com/gin-gonic/gin.(*RouterGroup).createStaticHandler.func1 (1 handlers)
[GIN-debug] Loaded HTML Templates (4): 
	- 
	- footer.html
	- header.html
	- index.html

[GIN-debug] GET    /api/videos               --> main.main.func1 (5 handlers)
[GIN-debug] POST   /api/videos               --> main.main.func2 (5 handlers)
[GIN-debug] GET    /view/videos              --> go-gin-api/controller.VideoController.ShowAll-fm (5 handlers)
[GIN-debug] POST   /login                    --> main.main.func3 (5 handlers)
[GIN-debug] Listening and serving HTTP on :8080
[GIN-debug] redirecting request 301: /api/videos --> /api/videos
::1 - [05 Aug 20 14:36 +0545] GET /api/videos 200 297.495µs[GIN-debug] redirecting request 307: /api/videos --> /api/videos
::1 - [05 Aug 20 14:40 +0545] POST /api/videos 200 575.6µs::1 - [05 Aug 20 14:41 +0545] GET /api/videos 200 573.18µs::1 - [05 Aug 20 14:42 +0545] GET /api/videos 200 312.039µs::1 - [05 Aug 20 14:42 +0545] GET /api/videos 200 527.485µs[GIN-debug] redirecting request 307: /login --> /login?
::1 - [05 Aug 20 14:45 +0545] POST /login 200 272.359µs::1 - [05 Aug 20 14:47 +0545] GET /login/ 404 151.003µs[GIN-debug] redirecting request 301: /api/videos --> /api/videos
::1 - [05 Aug 20 14:48 +0545] GET /api/videos 200 152.324µs[GIN-debug] redirecting request 307: /api/videos --> /api/videos
::1 - [05 Aug 20 14:48 +0545] POST /api/videos 400 174.091µs[GIN-debug] redirecting request 307: /api/videos --> /api/videos
::1 - [05 Aug 20 14:49 +0545] POST /api/videos 400 183.794µs